2024-05-16T15:34:19.467Z - log: [Package] menu@1.0.0 enable
2024-05-16T15:34:19.468Z - log: [Package] profile@1.0.0 enable
2024-05-16T15:34:19.472Z - log: [Package] project@1.0.2 enable
2024-05-16T15:34:19.475Z - log: [Package] messages@1.0.0 enable
2024-05-16T15:34:19.476Z - log: [Package] program@1.0.0 enable
2024-05-16T15:34:19.479Z - log: [Package] tester@1.0.0 enable
2024-05-16T15:34:19.483Z - log: [Package] preferences@1.0.0 enable
2024-05-16T15:34:21.159Z - log: Load engine in /Applications/Cocos/Creator/3.6.1/CocosCreator.app/Contents/Resources/resources/3d/engine
2024-05-16T15:34:21.370Z - log: Profile changed: engine (modules.includeModules: 2d,3d,base,gfx-webgl,gfx-webgl2,intersection-2d,physics-2d-builtin,physics-builtin,primitive,profiler,ui)
2024-05-16T15:34:21.384Z - log: Register native engine in /Applications/Cocos/Creator/3.6.1/CocosCreator.app/Contents/Resources/resources/3d/engine/native
2024-05-16T15:34:21.385Z - log: [Package] engine@1.0.6 enable
2024-05-16T15:34:21.923Z - log: [Package] programming@1.0.0 enable
2024-05-16T15:34:21.961Z - warn: 
2024-05-16T15:34:21.976Z - warn: 
2024-05-16T15:34:22.189Z - log: [Package] device@1.0.1 enable
2024-05-16T15:34:22.215Z - log: [Package] ui-kit@1.0.1 enable
2024-05-16T15:34:22.239Z - log: [Package] engine-extends@1.0.0 enable
2024-05-16T15:34:22.285Z - log: [Package] asset-db@1.0.0 enable
2024-05-16T15:34:22.286Z - warn: 
2024-05-16T15:34:22.315Z - log: [Package] scene@1.0.0 enable
2024-05-16T15:34:22.411Z - log: [Package] server@1.0.0 enable
2024-05-16T15:34:22.437Z - log: [Package] utils@1.0.0 enable
2024-05-16T15:34:22.824Z - warn: Browserslist: caniuse-lite is outdated. Please run:
npx browserslist@latest --update-db

Why you should do it regularly:
https://github.com/browserslist/browserslist#browsers-data-updating
2024-05-16T15:34:24.505Z - warn: 
2024-05-16T15:34:24.505Z - warn: 
2024-05-16T15:34:24.505Z - warn: 
2024-05-16T15:34:24.515Z - warn: 
2024-05-16T15:34:24.516Z - warn: 
2024-05-16T15:34:24.516Z - warn: 
2024-05-16T15:34:25.170Z - warn: 
2024-05-16T15:34:25.204Z - log: [Package] preview@1.0.1 enable
2024-05-16T15:34:25.266Z - log: [Package] animator@1.0.0 enable
2024-05-16T15:34:25.297Z - log: pluginManager init: 0.151ms
2024-05-16T15:34:25.287Z - warn: [Programming] Browserslist: caniuse-lite is outdated. Please run:
  npx update-browserslist-db@latest
  Why you should do it regularly: https://github.com/browserslist/update-db#readme[Programming] Browserslist: caniuse-lite is outdated. Please run:
  npx update-browserslist-db@latest
  Why you should do it regularly: https://github.com/browserslist/update-db#readme  
at Logger.record (/Applications/Cocos/Creator/3.6.1/CocosCreator.app/Contents/Resources/app.asar/node_modules/@base/electron-logger/lib/renderer.ccc:1:458)  
at console.warn (/Applications/Cocos/Creator/3.6.1/CocosCreator.app/Contents/Resources/app.asar/node_modules/@base/electron-logger/lib/renderer.ccc:1:1260)  
at Object.oldDataWarning (/Applications/Cocos/Creator/3.6.1/CocosCreator.app/Contents/Resources/app.asar/node_modules/@cocos/creator-programming-mod-lo/node_modules/browserslist/node.js:386:15)  
at browserslist (/Applications/Cocos/Creator/3.6.1/CocosCreator.app/Contents/Resources/app.asar/node_modules/@cocos/creator-programming-mod-lo/node_modules/browserslist/index.js:394:7)  
at resolveTargets (/Applications/Cocos/Creator/3.6.1/CocosCreator.app/Contents/Resources/app.asar/node_modules/@cocos/creator-programming-mod-lo/node_modules/@babel/helper-compilation-targets/lib/index.js:165:20)  
at getTargets (/Applications/Cocos/Creator/3.6.1/CocosCreator.app/Contents/Resources/app.asar/node_modules/@cocos/creator-programming-mod-lo/node_modules/@babel/helper-compilation-targets/lib/index.js:210:27)  
at getLocalTargets (/Applications/Cocos/Creator/3.6.1/CocosCreator.app/Contents/Resources/app.asar/node_modules/@cocos/creator-programming-mod-lo/node_modules/@babel/preset-env/lib/index.js:227:48)  
at /Applications/Cocos/Creator/3.6.1/CocosCreator.app/Contents/Resources/app.asar/node_modules/@cocos/creator-programming-mod-lo/node_modules/@babel/preset-env/lib/index.js:288:15
2024-05-16T15:34:25.494Z - warn: 
2024-05-16T15:34:25.494Z - warn: 
2024-05-16T15:34:25.494Z - warn: 
2024-05-16T15:34:25.874Z - log: [Package] builder@1.3.3 enable
2024-05-16T15:34:25.901Z - log: [Package] shortcuts@1.0.1 enable
2024-05-16T15:34:25.927Z - log: [Package] animation-graph@1.0.0 enable
2024-05-16T15:34:25.952Z - log: [Package] about@1.0.0 enable
2024-05-16T15:34:25.979Z - log: [Package] assets@1.0.0 enable
2024-05-16T15:34:26.006Z - log: [Package] console@1.0.0 enable
2024-05-16T15:34:26.111Z - log: [Package] extension@3.0.16 enable
2024-05-16T15:34:26.137Z - log: [Package] hierarchy@1.0.0 enable
2024-05-16T15:34:26.167Z - log: [Package] inspector@1.0.0 enable
2024-05-16T15:34:26.192Z - log: [Package] lightmap@1.0.4 enable
2024-05-16T15:34:26.411Z - log: [Package] localization-editor@1.0.0 enable
2024-05-16T15:34:26.417Z - log: [Build-plugin] register pkg localization-editor: 4.145ms
2024-05-16T15:34:26.440Z - log: [Package] node-library@1.0.1 enable
2024-05-16T15:34:26.462Z - log: [Package] package-asset@1.0.0 enable
2024-05-16T15:34:26.487Z - log: [Package] process@1.0.0 enable
2024-05-16T15:34:26.513Z - log: [Package] reference-image@1.0.0 enable
2024-05-16T15:34:26.537Z - log: [Package] alipay-mini-game@1.0.1 enable
2024-05-16T15:34:26.539Z - log: [Build-plugin] register pkg alipay-mini-game: 2.22ms
2024-05-16T15:34:26.560Z - log: [Package] android@1.0.1 enable
2024-05-16T15:34:26.563Z - log: [Build-plugin] register pkg android: 2.674ms
2024-05-16T15:34:26.585Z - log: [Package] baidu-mini-game@1.0.1 enable
2024-05-16T15:34:26.585Z - log: [Build-plugin] register pkg baidu-mini-game: 0.396ms
2024-05-16T15:34:26.626Z - log: [Package] bytedance-mini-game@1.0.2 enable
2024-05-16T15:34:26.627Z - log: [Build-plugin] register pkg bytedance-mini-game: 1.097ms
2024-05-16T15:34:26.649Z - log: [Package] certificate@1.0.0 enable
2024-05-16T15:34:26.676Z - log: [Package] channel-upload-tools@1.0.0 enable
2024-05-16T15:34:26.702Z - log: [Package] cocos-play@1.0.1 enable
2024-05-16T15:34:26.704Z - log: [Build-plugin] register pkg cocos-play: 2.446ms
2024-05-16T15:34:26.730Z - log: [Package] huawei-agc@1.0.0 enable
2024-05-16T15:34:26.731Z - log: [Build-plugin] register pkg huawei-agc: 1.666ms
2024-05-16T15:34:26.754Z - log: [Package] huawei-quick-game@1.0.1 enable
2024-05-16T15:34:26.756Z - log: [Build-plugin] register pkg huawei-quick-game: 1.692ms
2024-05-16T15:34:27.753Z - log: [Package] ios@1.0.0 enable
2024-05-16T15:34:27.757Z - log: [Build-plugin] register pkg ios: 3.686ms
2024-05-16T15:34:27.779Z - log: [Package] linux@1.0.0 enable
2024-05-16T15:34:27.780Z - log: [Build-plugin] register pkg linux: 0.5ms
2024-05-16T15:34:27.805Z - log: [Package] mac@1.0.0 enable
2024-05-16T15:34:27.807Z - log: [Build-plugin] register pkg mac: 2.336ms
2024-05-16T15:34:27.862Z - log: [Package] native@1.0.2 enable
2024-05-16T15:34:27.865Z - log: [Build-plugin] register pkg native: 2.657ms
2024-05-16T15:34:27.888Z - log: [Package] ohos@1.0.0 enable
2024-05-16T15:34:27.891Z - log: [Build-plugin] register pkg ohos: 2.494ms
2024-05-16T15:34:27.917Z - log: [Package] open-harmonyos@1.0.0 enable
2024-05-16T15:34:27.917Z - log: [Build-plugin] register pkg open-harmonyos: 0.479ms
2024-05-16T15:34:27.944Z - log: [Package] oppo-mini-game@1.0.1 enable
2024-05-16T15:34:27.946Z - log: [Build-plugin] register pkg oppo-mini-game: 1.838ms
2024-05-16T15:34:27.972Z - log: [Package] runtime-dev-tools@1.0.0 enable
2024-05-16T15:34:27.998Z - log: [Package] vivo-mini-game@1.0.1 enable
2024-05-16T15:34:28.000Z - log: [Build-plugin] register pkg vivo-mini-game: 2.094ms
2024-05-16T15:34:28.034Z - log: [Package] web-desktop@1.0.1 enable
2024-05-16T15:34:28.036Z - log: [Build-plugin] register pkg web-desktop: 1.779ms
2024-05-16T15:34:28.062Z - log: [Package] web-mobile@1.0.1 enable
2024-05-16T15:34:28.064Z - log: [Build-plugin] register pkg web-mobile: 1.612ms
2024-05-16T15:34:28.091Z - log: [Package] wechatgame@1.0.2 enable
2024-05-16T15:34:28.093Z - log: [Build-plugin] register pkg wechatgame: 1.842ms
2024-05-16T15:34:28.116Z - log: [Package] windows@1.0.1 enable
2024-05-16T15:34:28.118Z - log: [Build-plugin] register pkg windows: 1.578ms
2024-05-16T15:34:28.145Z - log: [Package] xiaomi-quick-game@1.0.1 enable
2024-05-16T15:34:28.146Z - log: [Build-plugin] register pkg xiaomi-quick-game: 1.797ms
2024-05-16T15:34:28.318Z - log: [Package] cocos-service@3.0.7 enable
2024-05-16T15:34:28.320Z - log: [Build-plugin] register pkg cocos-service: 0.864ms
2024-05-16T15:34:28.452Z - log: [Im-plugin] Check im-plugin version.
2024-05-16T15:34:28.454Z - log: [Package] im-plugin@3.0.9 enable
2024-05-16T15:34:29.408Z - log: [Im-plugin] No online info of im-plugin.
2024-05-16T15:34:30.027Z - log: [Scene] Please specifiy a default value for "cc.EditorExtendable.__editorExtras__" property at its declaration:

 
// Before:
@property(...)
myProp;
// After:
@property(...)
myProp = 0;
2024-05-16T15:34:30.039Z - log: [Scene] Please specifiy a default value for "CCPropertyOverrideInfo.value" property at its declaration:

 
// Before:
@property(...)
myProp;
// After:
@property(...)
myProp = 0;
2024-05-16T15:34:30.039Z - log: [Scene] Please specifiy a default value for "cc.PrefabInfo.asset" property at its declaration:

 
// Before:
@property(...)
myProp;
// After:
@property(...)
myProp = 0;
2024-05-16T15:34:30.039Z - log: [Scene] Please specifiy a default value for "cc.PrefabInfo.nestedPrefabInstanceRoots" property at its declaration:

 
// Before:
@property(...)
myProp;
// After:
@property(...)
myProp = 0;
2024-05-16T15:34:30.041Z - log: [Scene] The 'default' attribute of 'ColorDesc.beginAccesses' must be an array
2024-05-16T15:34:30.041Z - log: [Scene] The 'default' attribute of 'ColorDesc.endAccesses' must be an array
2024-05-16T15:34:30.047Z - log: [Scene] Please specifiy a default value for "cc.animation.TrackBinding.proxy" property at its declaration:

 
// Before:
@property(...)
myProp;
// After:
@property(...)
myProp = 0;
2024-05-16T15:34:30.047Z - log: [Scene] Please specifiy a default value for "cc.animation.Channel._curve" property at its declaration:

 
// Before:
@property(...)
myProp;
// After:
@property(...)
myProp = 0;
2024-05-16T15:34:30.048Z - log: [Scene] Please specifiy a default value for "cc.animation.SingleChannelTrack._channel" property at its declaration:

 
// Before:
@property(...)
myProp;
// After:
@property(...)
myProp = 0;
2024-05-16T15:34:30.048Z - log: [Scene] Please specifiy a default value for "cc.animation.VectorTrack._channels" property at its declaration:

 
// Before:
@property(...)
myProp;
// After:
@property(...)
myProp = 0;
2024-05-16T15:34:30.048Z - log: [Scene] Please specifiy a default value for "cc.animation.ColorTrack._channels" property at its declaration:

 
// Before:
@property(...)
myProp;
// After:
@property(...)
myProp = 0;
2024-05-16T15:34:30.048Z - log: [Scene] Please specifiy a default value for "cc.animation.SizeTrack._channels" property at its declaration:

 
// Before:
@property(...)
myProp;
// After:
@property(...)
myProp = 0;
2024-05-16T15:34:30.048Z - log: [Scene] Please specifiy a default value for "cc.animation.Transition.from" property at its declaration:

 
// Before:
@property(...)
myProp;
// After:
@property(...)
myProp = 0;
2024-05-16T15:34:30.048Z - log: [Scene] Please specifiy a default value for "cc.animation.Transition.to" property at its declaration:

 
// Before:
@property(...)
myProp;
// After:
@property(...)
myProp = 0;
2024-05-16T15:34:30.049Z - log: [Scene] Please specifiy a default value for "cc.animation.StateMachine._entryState" property at its declaration:

 
// Before:
@property(...)
myProp;
// After:
@property(...)
myProp = 0;
2024-05-16T15:34:30.049Z - log: [Scene] Please specifiy a default value for "cc.animation.StateMachine._exitState" property at its declaration:

 
// Before:
@property(...)
myProp;
// After:
@property(...)
myProp = 0;
2024-05-16T15:34:30.049Z - log: [Scene] Please specifiy a default value for "cc.animation.StateMachine._anyState" property at its declaration:

 
// Before:
@property(...)
myProp;
// After:
@property(...)
myProp = 0;
2024-05-16T15:34:30.049Z - log: [Scene] Please specifiy a default value for "cc.animation.Layer._stateMachine" property at its declaration:

 
// Before:
@property(...)
myProp;
// After:
@property(...)
myProp = 0;
2024-05-16T15:34:30.049Z - log: [Scene] Please specifiy a default value for "cc.animation.ExoticVectorLikeTrackValues._values" property at its declaration:

 
// Before:
@property(...)
myProp;
// After:
@property(...)
myProp = 0;
2024-05-16T15:34:30.049Z - log: [Scene] Please specifiy a default value for "cc.animation.ExoticVectorLikeTrackValues._isQuantized" property at its declaration:

 
// Before:
@property(...)
myProp;
// After:
@property(...)
myProp = 0;
2024-05-16T15:34:30.049Z - log: [Scene] Please specifiy a default value for "cc.animation.ExoticTrack.times" property at its declaration:

 
// Before:
@property(...)
myProp;
// After:
@property(...)
myProp = 0;
2024-05-16T15:34:30.049Z - log: [Scene] Please specifiy a default value for "cc.animation.ExoticTrack.values" property at its declaration:

 
// Before:
@property(...)
myProp;
// After:
@property(...)
myProp = 0;
2024-05-16T15:34:30.049Z - log: [Scene] Please specifiy a default value for "cc.animation.QuantizedFloatArray.originalPrecision" property at its declaration:

 
// Before:
@property(...)
myProp;
// After:
@property(...)
myProp = 0;
2024-05-16T15:34:30.049Z - log: [Scene] Please specifiy a default value for "cc.animation.QuantizedFloatArray.min" property at its declaration:

 
// Before:
@property(...)
myProp;
// After:
@property(...)
myProp = 0;
2024-05-16T15:34:30.049Z - log: [Scene] Please specifiy a default value for "cc.animation.QuantizedFloatArray.extent" property at its declaration:

 
// Before:
@property(...)
myProp;
// After:
@property(...)
myProp = 0;
2024-05-16T15:34:30.049Z - log: [Scene] Please specifiy a default value for "cc.animation.QuantizedFloatArray.values" property at its declaration:

 
// Before:
@property(...)
myProp;
// After:
@property(...)
myProp = 0;
2024-05-16T15:34:30.067Z - log: [Scene] 'cc.ParticleSystem2D.color' hides inherited property 'cc.UIRenderer.color'. To make the current property override that implementation, add the `override: true` attribute please.
2024-05-16T15:34:30.089Z - log: [Scene] No needs to indicate the 'cc.Boolean' attribute for "cc.Terrain._receiveShadow", which its default value is type of Boolean.
2024-05-16T15:34:30.089Z - log: [Scene] No needs to indicate the 'cc.Boolean' attribute for "cc.Terrain._useNormalmap", which its default value is type of Boolean.
2024-05-16T15:34:30.089Z - log: [Scene] No needs to indicate the 'cc.Boolean' attribute for "cc.Terrain._usePBR", which its default value is type of Boolean.
2024-05-16T15:34:30.089Z - log: [Scene] No needs to indicate the 'cc.Boolean' attribute for "cc.Terrain._lodEnable", which its default value is type of Boolean.
2024-05-16T15:34:30.178Z - info: [Scene] [Physics][Bullet]: Using asmjs Bullet libs.
2024-05-16T15:34:30.184Z - info: [Scene] [PHYSICS]: using builtin.
2024-05-16T15:34:30.398Z - log: [Scene] Cocos Creator v3.6.1
2024-05-16T15:34:30.399Z - info: [Scene] Forward render pipeline initialized.
